3929595,0.045488964502497724
1210255,0.02241989795354202
5529388,0.016362929683856962
967365,0.011908239006906966
7717709,0.009779616782851705
1027726,0.008689865339623376
7052400,0.005059954817937476
7492462,0.004065043277567344
370095,0.0038896382680912445
6283868,0.003879636154628163
3339454,0.0038072180906569037
9067622,0.003783138066089711
8614428,0.0028264204270179393
3130900,0.002596677671557894
1195511,0.002494819439159223
4271417,0.0024446131077981432
6796887,0.0023304646964219227
8679480,0.001997685885749795
7826320,0.0019810812964771198
8041174,0.0019303957227366532
4460318,0.0019102443450718985
7263518,0.0019023169673467951
4254528,0.0017926811440836157
9098986,0.0017291643974484548
8402753,0.0017081307872374503
8602126,0.0016845357737345595
444930,0.0016679992976837395
3421131,0.0016500631876078652
2856462,0.0016487052256232322
1327562,0.0016145203487208705
8835037,0.0015876676523582122
5823008,0.0015817906368415218
9861171,0.001540424500311506
7718081,0.001539705454827407
6620563,0.0015233542972758814
379736,0.001415314106123233
7134665,0.0013976738675900487
4589357,0.0013867337471275632
8552925,0.001374183355611563
7375981,0.001370533570022173
2697970,0.0013669323171472754
7494059,0.0013627018240591757
9410365,0.0013453987758501255
8012933,0.0013373799225310603
1881407,0.001324418202919553
4354313,0.0012860719008076994
6414038,0.0012624687060382592
2512530,0.0012605942158953071
8752967,0.0012545683808174292
7541438,0.0012100918795712435
89915,0.0012070724747580777
3274580,0.001181190204834666
9108432,0.0011663272194252612
750291,0.0011638019561776036
1096809,0.001149715296343263
1915784,0.0011253433832215337
3007349,0.0011198610024472926
5629735,0.0011133427447549817
8708187,0.0010967449499898134
8081348,0.0010919624745019299
3935632,0.0010839104006016929
8980437,0.00105975960609002
3474309,0.0010516707029952404
1781019,0.001051568875582509
989029,0.0010417971058082566
6425646,0.001039182887009038
5983137,0.0010299341333539407
7407044,0.0009969246090284815
152540,0.0009943335418317498
9944801,0.0009879355347941923
6603160,0.0009836708544422028
1535873,0.0009712832888144301
765996,0.0009675456109803427
699148,0.0009650105306959544
1240510,0.0009649526061672227
6052538,0.0009594873331524751
5836914,0.0009482631356014888
3705607,0.0009435215036679892
5412661,0.0009420205836131824
964493,0.0009355475158540647
130668,0.0009277970646633606
1904116,0.0009219825819977347
8043894,0.0009206685787888007
8599057,0.0009087969279055595
5077960,0.0009076525473391202
7763205,0.0009024883511965194
3628167,0.000899841139644679
1544105,0.000890264259125933
9077916,0.0008827442387963311
2610233,0.0008826731022175906
9293395,0.0008826286227141311
6596650,0.0008806020490713115
9693177,0.0008804674899901195
1896041,0.0008768469752646801
7358244,0.0008749391614654828
2323741,0.000870607182629707
3131759,0.0008687506271510461
2224059,0.0008618770862971519
4386781,0.0008560844164437671
9768122,0.0008492027292783898
8581841,0.0008480351314565949
2918249,0.0008458192113826756
4947762,0.0008440201811936622
2222381,0.0008387518931713247
2267525,0.0008373082908466926
3842304,0.0008349899965345715
2424130,0.0008266678609502863
5378040,0.000826067237841929
2635096,0.0008246267330305093
5649097,0.0008235201010841267
6237448,0.0008151440802503789
725562,0.0008027338906380326
6093461,0.0008014583984091508
9710748,0.0007989510339094757
1084646,0.0007902977776498546
1779466,0.0007901866388509653
6097639,0.0007884414776765494
1577776,0.0007872947582259203
1804970,0.0007863283938730104
683917,0.0007854058164092377
740105,0.0007784250160425921
3610034,0.0007738679729084289
1207807,0.0007671792943315663
2197929,0.0007668884522373983
80011,0.0007631568363055193
8637715,0.0007589428234703694
5082424,0.0007576998718617164
5507918,0.0007534280861243926
9724319,0.0007453060764685009
1569797,0.0007451193979332846
2648556,0.0007425576978711191
2626275,0.0007422332752699953
6134637,0.0007406202046662528
5605448,0.0007328121998806974
2507432,0.0007324187132006703
1055775,0.0007294513498371313
1567655,0.000729414328341835
3835306,0.000728663365595735
7542823,0.0007265955442460094
176798,0.0007245887815850098
4265515,0.0007171054115229698
2817047,0.0007122917645792904
7020218,0.0007118843091892977
1309386,0.0007101921689110644
6492539,0.0007100095428873088
1671248,0.0007033126822370317
5083561,0.0007032001349024868
4323182,0.0007030796606052372
6518427,0.0007005383674189566
2605625,0.0006998250524617848
1830647,0.0006998058394364233
1381198,0.0006996347583046572
1576260,0.0006940324349708635
7720364,0.0006938182717857739
4013708,0.0006917330049790816
5443795,0.0006902433249251549
8920289,0.0006894661546296447
7706013,0.0006882427447510508
1092891,0.0006879170033712548
1155860,0.0006876998790040569
3990755,0.0006855771272057309
3525089,0.0006855454691755061
8057006,0.0006855361292868018
3457967,0.0006854278708181451
6123565,0.0006847808272048521
1746342,0.000682352432271898
4712329,0.0006771408263691003
6555160,0.0006758807825143114
6367732,0.0006756172479588067
8775678,0.0006713986571140546
2149817,0.0006692701937788894
4129872,0.000666869607414595
2007422,0.0006651612519776363
7340374,0.0006648796568074999
4647391,0.0006646049242015181
2891844,0.0006591195530915936
9867583,0.0006563643603717437
1884535,0.0006560725888351314
7482439,0.0006559671153257722
3852367,0.0006556597196588689
2597810,0.000654820758225523
8384293,0.0006545357891109
6876419,0.0006543096813028676
2876664,0.000652925872818989
5682127,0.0006524049266979524
3138404,0.0006454287706588713
3174685,0.0006416859163211672
5854702,0.000641307647378932
7788667,0.0006410526112624341
3481180,0.0006395871247886452
1884728,0.000638083754304112
5306812,0.000633238134641393
8303017,0.0006329589518814602
3352206,0.0006310321883852374
91693,0.0006297631886912966
6529243,0.0006295738811015082
6598303,0.0006277062715091766
4849816,0.0006271587021671749
3576441,0.0006264400177705954
935123,0.0006260996918735175
8929614,0.0006223004344098182
8744261,0.0006209825717299329
9619644,0.0006201848551426884
8640096,0.0006199919677962233
4225956,0.0006186547666985169
6910294,0.0006165920478397093
3374020,0.0006146658867758291
5509336,0.0006144067298728234
7258719,0.0006124734719948333
6596864,0.0006105624365003551
5840774,0.0006085971584318949
5328001,0.0006085902506323686
9571860,0.0006077569101411131
9829525,0.0006070126369529505
1151978,0.0006040696876924637
5419809,0.0006004339717668757
5362090,0.0005986143149415346
7382660,0.0005975452265138329
1291579,0.0005963881743087538
6972830,0.0005962098611280807
5290132,0.0005943779618260415
7350284,0.0005929509659930103
350728,0.000588832113103561
9357138,0.0005887006160076818
3631783,0.0005883520006898937
4009725,0.0005882186971221128
5895319,0.0005852298685350635
2478537,0.0005845176551789104
9620485,0.0005813288806617401
1378309,0.0005808224087896568
6276153,0.0005808068919413749
8944420,0.0005786260267963219
1271278,0.0005782494636561483
3669248,0.0005767599005358339
3871189,0.0005738710257532658
6094999,0.0005736803056102438
8739950,0.0005733188685618139
9441586,0.0005723741310850908
8245471,0.0005698903811247945
4812985,0.0005652042469363789
5637939,0.0005623315760116601
8750505,0.0005584422814251355
13737,0.0005580329962629601
7115313,0.0005574155032708682
1953102,0.0005558855653382298
3567701,0.0005558839628944107
5894317,0.0005556539180020699
5876111,0.000554737638123082
3125747,0.0005546494872146735
3145480,0.0005545874869353069
8618450,0.0005540373515022046
3628868,0.0005534252523455294
3592066,0.0005522477369164209
5795928,0.0005512739009038418
8742767,0.0005501340490219802
2691866,0.0005472271882735669
5110714,0.0005453832431552619
4568668,0.0005448052851221236
2505802,0.0005442230045950104
1987171,0.0005434615214784999
5565829,0.0005426821871270236
8533670,0.0005422972730351926
4095745,0.000541410000740643
9630697,0.0005389920126314257
7518320,0.0005388694765382826
88470,0.0005388311061080049
5161814,0.0005377526161955891
5291932,0.0005377418433318525
1009273,0.0005373442265289039
556175,0.000534703220479364
2251476,0.0005341883622447611
2450006,0.0005339605014829976
9643311,0.0005312327278610212
3806321,0.0005307091679779988
1381361,0.0005304885619338651
3320594,0.0005275984930568233
99319,0.0005244426473195563
5118362,0.000524170443736247
1620997,0.0005237800480453278
4332430,0.0005203420935466123
2915188,0.0005183424231676558
6128993,0.0005182639705269402
5818102,0.0005175292524840673
7250283,0.0005157001003339138
6910204,0.0005144625420079223
646265,0.0005143576032432416
9333994,0.0005137216505542583
96151,0.000513005253437241
7552167,0.0005127877617426467
1147698,0.0005126179303016424
2984442,0.000510938829501216
8258214,0.000510576503630907
7170799,0.0005094761267228942
8804707,0.0005083269874972001
3206200,0.00050801804551204
2637263,0.0005079033120591905
6505691,0.0005078924946927839
148262,0.0005075285306304299
4304158,0.0005067188795068338
9834830,0.0005066683075108047
2995339,0.0005060786180683454
9314204,0.0005056197365819321
5519259,0.000505536797060447
5609261,0.0005037187165519518
2391295,0.000503176560933947
1355065,0.000502769960725213
884250,0.0005023123571711784
6694664,0.0005021402294656455
288281,0.0005018615793032508
7102319,0.0005018232921802249
4593513,0.0005011641925120258
2527901,0.0005007374162460254
7466599,0.0005006799092701988
8485979,0.0005001324873674835
4395973,0.0004988440219981513
7623751,0.0004986132925159053
8665247,0.0004985165154373054
25688,0.0004978592996333095
6431340,0.0004968139394614798
8051299,0.0004954756844239428
485551,0.0004942401081292299
961562,0.0004939447184830095
44408,0.0004929117275141615
8518914,0.0004928550313890654
6087600,0.0004918922141137151
3704505,0.000490290948679026
6041479,0.0004865019135587441
7132563,0.0004856043498804764
1819716,0.0004826419684442112
895525,0.00048236592214118276
412747,0.0004816001479326492
1701234,0.0004815202692839542
2606135,0.00048106107730438
956706,0.00048077208969305195
9466105,0.00047932903191358963
8438788,0.00047768258924969407
5259409,0.00047557598944449953
5332260,0.0004723387410735219
9918509,0.00047129625634159065
3400765,0.00047062451219377855
4469999,0.00046943873276921854
1643220,0.00046880620790870154
8796525,0.0004681972745807356
5603441,0.0004673161284189249
7181821,0.0004672650712436453
2680347,0.0004668136267196633
4147943,0.0004666363474964483
8993876,0.00046650783708850264
5727596,0.00046619426414270057
7948169,0.00046544880560187696
4987450,0.00046431823171203283
7034697,0.000463422697810134
2647499,0.0004632737225031785
8383730,0.00046104351604714497
7971139,0.0004606805706189305
5204428,0.0004606297272586728
44443,0.0004601124106938749
3931700,0.0004599673491627366
557467,0.00045887097532553583
3376203,0.00045741979869646674
2504619,0.0004559983759143676
5953604,0.0004558983295048276
7021032,0.00045408477455704675
6740792,0.0004537608171075243
4670944,0.00045217901536306556
9853837,0.0004518814299255298
525114,0.00045049489524421157
4073091,0.00044983201184765637
4424062,0.0004488886416921337
9256799,0.00044881307348555033
1749241,0.0004478190107165538
1036682,0.00044751564515287134
8773867,0.00044744869856921157
4583829,0.0004462722534813118
9555618,0.00044609801436174126
4942785,0.0004458867681801184
9593687,0.00044556388180218005
2183231,0.00044456474282241447
2218530,0.00044456390821800637
9046271,0.0004442091908177424
8696059,0.00044370146234965207
2698288,0.0004436798666067952
3361253,0.00044343501151360517
1371096,0.00044313717463147147
7066564,0.00044310736270990116
6225673,0.00044239272814004506
9843636,0.0004421872815201254
7223299,0.00044144535129793074
6184286,0.00044110889762098303
2509033,0.00044039286579767195
559069,0.0004403595403402765
4800409,0.0004399453768363849
5775518,0.00043952009171431143
4775656,0.0004388586321662736
3102316,0.0004387354141743084
608840,0.00043855711477467973
4405318,0.00043806622668054963
4434894,0.0004378597327263272
9674293,0.00043777448031289876
8684898,0.0004375093713752409
5156077,0.00043747789692730356
6248335,0.00043728995523307113
813772,0.00043709283871405213
6156821,0.000436936213100239
520268,0.0004364772395388332
2149018,0.0004364058857473032
2461434,0.00043607156398273064
3933408,0.00043596894062681
7594905,0.00043553328890128776
2123745,0.0004351201996535711
2639147,0.0004350379034467543
1298563,0.0004348302486117771
2678710,0.0004347725274795726
8981443,0.0004345425113573644
366630,0.0004339249478154068
2891937,0.00043275089226389664
66930,0.0004326186807361062
8365216,0.0004322140702575197
7970241,0.00043195501202451575
5270049,0.0004319508242512127
4567257,0.0004317418403382375
4996386,0.0004315413997349881
1233,0.00043148114528480935
8373343,0.00043131397117968193
4886742,0.0004312770735170093
5833417,0.00043122585429902484
7243366,0.00043087378566627956
1056512,0.0004301219363289662
6682446,0.00043005794511835464
338075,0.000429598691679882
7793048,0.0004293971704866772
1611640,0.000429334962184879
1502088,0.00042751870243206764
2562066,0.00042625386740348224
645024,0.0004257903990373239
5637360,0.0004250027951602087
6219792,0.00042468200755633925
789675,0.0004243938939352755
5326340,0.00042375013371691154
3555326,0.00042340453269483583
8797093,0.00042337144910085787
3789997,0.0004231074668241372
2349699,0.00042302580195905726
2473685,0.0004226721404322908
6182140,0.0004225872710080669
71179,0.00042223653327161533
63310,0.00042165761424270784
2375136,0.00042101846644051956
6096208,0.00041982664400220973
1592658,0.0004193706176404023
5508201,0.000419277760171156
854282,0.0004185713394020116
3952462,0.0004182619726937762
2608440,0.00041764990696669047
4786027,0.0004174985955617317
1138975,0.00041721935221177524
9601351,0.0004168311436897086
28594,0.00041630709450350006
4392931,0.00041600131887024893
7471271,0.00041597125968687807
9345622,0.00041522260483259853
6601482,0.0004142639341692169
1551939,0.00041392992265681814
6506064,0.00041381290055635605
4220870,0.0004133960525972632
2000253,0.0004131214046845218
9451899,0.0004131102649913616
2084326,0.00041297082590372765
3133315,0.0004120646312279158
5392895,0.00041137553828629543
1163434,0.00041133203919254194
1364161,0.00041097892864981107
9382046,0.0004105982286817824
7210850,0.0004100601672600486
7402049,0.0004100155481810484
9453085,0.00040913582610882727
1405283,0.0004084167206938164
4773212,0.00040830250518825086
2472238,0.00040803569599870377
2295087,0.00040793077888893624
108911,0.00040704549507097123
1481186,0.0004066270339151721
6831401,0.0004062907959251258
709862,0.00040452606350543333
7595878,0.00040425980605462774
8284011,0.0004034448804966117
800477,0.00040301378165215514
4109887,0.0004023842369359432
1056980,0.0004019673420704968
5656313,0.0004019298036562842
3185926,0.00040181210906571114
6391859,0.00040162494520864904
8670645,0.00040155245716242137
2451937,0.0004013643984691096
8552410,0.00040134812861789893
5707074,0.0004012268137346195
6454766,0.0004007085853535001
1437987,0.0004001356800301455
1301414,0.00039975528737334453
4139148,0.0003994022933901505
7217711,0.0003993909949669232
3621115,0.00039939054113273574
7586595,0.0003992163345513053
2046786,0.00039887124456503486
748996,0.00039854533037494603
3245206,0.00039848748544848295
8518591,0.0003984578559977791
8008662,0.00039844509259782463
587551,0.00039825673346856045
354629,0.00039701602033970223
3274650,0.00039698515098214886
5715212,0.0003968750240842845
9158690,0.0003964724697166177
3307855,0.0003960052948077266
5091057,0.00039584003149519903
2547957,0.00039573034969301826
5784167,0.0003956791197848529
8766936,0.00039542726030918264
3902684,0.00039536199016181316
7055627,0.0003952520929901699
8455091,0.00039521865795155595
6052035,0.0003952082424577581
9819951,0.00039511585477903637
2606218,0.00039452422991051575
686504,0.00039450116220216686
5392514,0.00039391329024428067
1807468,0.0003937562351679292
6888192,0.00039367648074169247
1865592,0.000393525150220331
1080520,0.00039308171471377307
9464167,0.00039298182390698434
8543223,0.00039271368683361455
2417042,0.00039269564594549727
369869,0.0003926049583834012
6143454,0.00039209142801142904
966266,0.00039184789216264266
2717948,0.0003916390802433203
1044160,0.00039160298067033596
8610650,0.0003914424026073968
3129589,0.0003909433467240485
5358444,0.0003908202041180495
3400674,0.00039065725897026096
1978239,0.00039010190461521955
9431654,0.00038959275341729797
9929322,0.0003895440577878921
1948973,0.00038953061049983733
9211984,0.0003894355879510374
2717060,0.000389103301298951
1277694,0.0003889593767514755
3178973,0.000388951115471393
600764,0.00038859020234704
648118,0.0003885532506517266
8084663,0.00038840891173963363
301144,0.0003882661917484181
1638821,0.00038822147462325856
2606636,0.00038775731099431566
6005732,0.0003877178043132083
7565369,0.000387662795916567
2067608,0.0003875340728960517
3316847,0.0003874005042534966
8503244,0.00038700320040495556
3138747,0.0003868138038863784
6105644,0.0003866724211320855
5932298,0.000386347361572207
6728786,0.000386347361572207
8360605,0.000386347361572207
7548599,0.000386347361572207
2014346,0.00038584053453060135
4883361,0.0003857579683414243
7520499,0.000385608400221244
8512266,0.000385452041676385
1724959,0.00038531546551736566
233411,0.00038507514057538046
4097967,0.00038486595913861664
9140334,0.00038452114976644184
4149368,0.000384154740280595
270757,0.00038364172366884056
3307325,0.00038364172366884056
1513115,0.000383318270969028
6127910,0.000382857686401688
5334350,0.0003827031285308015
2579007,0.00038262016457653916
4173951,0.0003822543333711703
9197476,0.0003816709538886946
5459536,0.00038157027347656124
739246,0.00038147627064121116
2561758,0.00038127749754367576
5100856,0.00038041620332209886
9952884,0.000380234033170419
8860493,0.00038003537680582415
4191209,0.0003800258323712097
4321017,0.00037999503424811346
6787612,0.00037929479170971094
6459246,0.0003792645803331208
7143109,0.00037885182225715265
7494927,0.0003786117594437808
4762875,0.0003786117594437808
9734758,0.0003786117594437808
9776640,0.0003785410491991792
2931678,0.00037840133834282164
6610844,0.0003781238799229989
6394438,0.0003780303322051374
2665956,0.000377947212410326
9958268,0.0003767615076161711
2468354,0.0003765397774826158
7975102,0.00037613929537752273
8943937,0.00037605878385457676
9313385,0.00037529309221034804
4050580,0.0003745935652336141
9407068,0.0003743659872534544
2106577,0.0003741853536665458
349589,0.000373632395383077
3095456,0.0003736299849661601
7690035,0.0003733909537680287
6959693,0.0003732617603034717
7422603,0.00037322477051842545
1188295,0.0003729730950240214
3913581,0.0003728482024722214
5651099,0.00037278664078740806
1917299,0.0003720843141313169
5518283,0.00037203634111388054
9015217,0.0003717768169000652
4050394,0.00037175285556752214
5069964,0.00037161360938328756
8024867,0.0003713352897902094
4954510,0.0003713352897902094
3535981,0.0003713352897902094
8293497,0.00037118801532275494
3559761,0.00037116747037526613
563648,0.00037104173011870645
8650961,0.00037076020829268413
2657024,0.00037033978816953454
6138188,0.0003701325485764695
6384988,0.0003697719532255809
4274055,0.0003696873231573214
471258,0.0003695043504893246
5915741,0.0003692927006990429
8914958,0.0003691168224124095
3249907,0.0003690997744615873
7216325,0.00036905017264919453
4984676,0.0003686806741435064
7484645,0.0003686404892329979
5169164,0.0003684177597960391
536656,0.0003683116950245505
189091,0.0003681148788131016
5178558,0.00036798524650097516
1271708,0.00036768117921732476
6837689,0.00036716709753144863
1948453,0.00036713483600747513
4801160,0.0003671125680528097
1927021,0.0003669830892825784
1469852,0.0003665831478340941
4897328,0.0003663725001863967
3982609,0.0003662038453869737
6737974,0.0003659811425545183
555673,0.00036547696498111216
6207933,0.00036528219740688053
6624766,0.0003651849356878799
7535708,0.0003648658870244035
5552949,0.0003644735956291487
6450822,0.00036436820013158384
5968284,0.0003643584945494199
2135828,0.0003634805340417852
17099,0.0003631463518439525
4759184,0.00036277983342042336
4005883,0.0003625361672838847
5916147,0.00036244652382617416
3545500,0.00036223785998220194
9810525,0.0003619528354678852
5488303,0.00036131047835916824
460042,0.00036085148471006086
5073753,0.0003607359836929165
7295165,0.00036062319680984074
390416,0.0003605244019048377
5237263,0.00036003573539296937
2834596,0.0003598545805543883
7295131,0.00035940566677522995
4849981,0.00035931600904459866
7716878,0.00035923775697747863
7599597,0.0003587830628463886
7938185,0.0003587830628463886
3671319,0.0003587830628463886
9134225,0.00035785339560961374
1662772,0.0003574568798467117
6175012,0.00035743661173237606
9776486,0.00035692187497704693
7961708,0.0003568194308849647
4890156,0.0003567999086770235
7415807,0.000356740578632901
1832891,0.00035630718865894967
5799845,0.0003559710956119604
1785702,0.00035596587541655215
8581535,0.0003557871841122687
8426796,0.00035555675527900983
2847972,0.00035553340080024
310629,0.0003551689451894005
713100,0.00035474922129644153
7279893,0.0003542637531678162
4059626,0.000354177041958764
3020953,0.0003540412993163447
2864743,0.0003540063258320659
166365,0.0003533419834823675
9388181,0.00035323332530065013
7146236,0.0003531920941279345
5816169,0.0003528301776957837
3455855,0.0003527376809587488
217940,0.00035262596759393224
333836,0.0003523946838131683
3269251,0.0003520594679093579
727696,0.0003520594679093579
4068551,0.00035200971031848315
7604109,0.0003519405096475449
917341,0.0003518517899635244
180410,0.0003517183773594501
3577056,0.00035094229900248036
1672061,0.00035057768707456996
7580536,0.0003505489509884417
4615502,0.0003504416209223877
7490105,0.0003501847047875652
3673408,0.0003501847047875652
556408,0.0003501847047875652
2784876,0.0003501847047875652
2747249,0.0003501847047875652
1653990,0.0003501847047875652
1556911,0.0003501847047875652
7764023,0.000350178248515042
5023319,0.0003499185377152669
9901215,0.0003499127906555989
9739886,0.0003498922923075704
2595810,0.0003498907995671862
5188220,0.00034978306674095006
4091586,0.00034944281142007717
3279484,0.000349023537817094
8064766,0.0003489976332297622
78115,0.00034879226391277066
3500933,0.0003485907784858935
1457338,0.00034848841966670085
8815649,0.0003483441813560664
2393940,0.000348280978223668
7743471,0.00034824348459849586
3560453,0.00034809045582172553
9329396,0.0003480801110976097
9483967,0.00034799690430089664
6971678,0.0003478037421529061
1350325,0.00034778892087682854
9875024,0.0003477459360858885
9161165,0.00034769186390836023
3630768,0.0003476708655567442
7046841,0.00034759484863684765
344325,0.0003475320368305804
7980454,0.00034751433966770883
9848576,0.00034751433966770883
7762770,0.0003473086174404695
8803912,0.0003470092885690906
758249,0.0003468537954003156
2626296,0.0003467163636252426
8695943,0.00034591080883970924
4605259,0.0003458526184033248
5058076,0.00034565843696806177
7166845,0.00034537555491549407
4961511,0.0003453741187280577
493798,0.00034501311388329773
241232,0.00034461134357870415
7897755,0.00034433597278163273
4997293,0.0003440380535907228
9981283,0.00034370902778874465
872564,0.00034362036456598807
9306473,0.00034362036456598807
3496707,0.00034360588981664384
1531797,0.00034282108945577015
3916520,0.00034272883626747887
3472878,0.00034248595462838677
5385240,0.00034215748546171537
3275039,0.00034202141943417557
4607260,0.0003417551971709917
1752818,0.0003416901640844439
6161094,0.0003415869690671128
3298044,0.0003412217242162364
3466513,0.00034120088665735897
2666183,0.0003410519644784962
893725,0.0003405789698352222
1796978,0.00034007897772546906
5743306,0.00033977473168551935
6620976,0.0003397262781246177
5630503,0.0003396682351510363
7143713,0.0003395775926904287
8514885,0.00033938181576567293
9540099,0.0003393738000307318
7691212,0.00033881645565610153
8925691,0.0003387368731893344
9343178,0.00033865057156167274
1522657,0.00033863975003638425
6892412,0.00033863307929403734
9443056,0.00033857951907494794
6544951,0.0003385114456152346
6764694,0.00033843276089597486
6705301,0.00033840030165737387
3926933,0.0003383423253030594
652025,0.00033823631639275553
8451857,0.000337564174997767
3717583,0.0003374663086345372
9150941,0.00033714657479287776
5961022,0.00033714657479287776
8108826,0.00033712368866536024
4854282,0.0003362650928724671
3269682,0.00033623868663465196
9380772,0.00033572422133879975
4266387,0.0003355466476645126
3839426,0.0003355466476645126
2949119,0.00033543506362166423
2657467,0.00033529704243373033
1731649,0.00033526703400804116
4400456,0.000335233033531668
1904237,0.00033505807501068197
9584363,0.00033501639637829525
9955728,0.0003349414513642452
5985109,0.00033481084524477364
7240204,0.0003347407213485386
9402790,0.00033446283107373663
7678846,0.0003341961413921294
4195980,0.00033386072578077403
4460826,0.00033368403733413524
7791470,0.0003335557080225939
43436,0.0003335509801081867
1971431,0.0003334879215440436
1086358,0.0003333271458959085
117262,0.00033329935383590725
6748622,0.00033321397375832556
2958122,0.00033308984407746483
4736594,0.0003327607872885586
8069306,0.0003326564157631581
3419784,0.0003326118798860454
9723278,0.00033257451629419786
189064,0.0003324469296745029
431849,0.0003324119656546124
1627564,0.0003322317755718843
1525973,0.00033220013397998753
6076109,0.0003320554439999781
2461471,0.0003319761396358246
9736944,0.0003318517420152792
5281472,0.00033181177025008377
1064935,0.00033181177025008377
5119446,0.0003317786018165511
6611262,0.00033152654140045584
9494352,0.00033131599526548596
1831047,0.00033127272984427244
2943633,0.0003312490686918521
6173036,0.00033112280808521473
4019005,0.00033090642776357354
9240741,0.00033064321230159426
4841012,0.0003306163357267711
1555,0.0003305390700111207
1449416,0.00033052276566871406
4049522,0.0003305059375583558
768335,0.00033034727734895114
5516788,0.00033027980762811787
2995813,0.00033000261211549244
7600635,0.00032995698810921187
9051457,0.00032981406320396344
785412,0.0003296040773574396
3496291,0.0003295321903311633
3981414,0.0003294730945037152
7537425,0.0003294200175875734
7428630,0.00032934803182867834
3116414,0.0003290272034102954
3719451,0.00032891342813004965
2861188,0.0003286915245308449
8364820,0.0003286856111987766
7860557,0.00032865611907391786
8618956,0.0003280400125735677
3243563,0.00032764791348414475
2369634,0.00032764671062463933
8925550,0.00032759429282935967
6767118,0.00032750789710456283
9465856,0.0003272557109395381
3027748,0.0003271041286433015
1907225,0.00032689080409122246
5545975,0.00032688145831234224
229703,0.00032688145831234224
3707045,0.00032688145831234224
4236504,0.00032688145831234224
1602541,0.00032688145831234224
3408197,0.00032688145831234224
4177910,0.00032688145831234224
7998217,0.00032688145831234224
4986668,0.00032688145831234224
1687267,0.00032688145831234224
1357012,0.00032688145831234224
120417,0.00032688145831234224
7043997,0.00032688145831234224
6149939,0.00032688145831234224
9602903,0.00032688145831234224
6470060,0.00032688145831234224
9788008,0.00032688145831234224
4401896,0.00032688145831234224
9435000,0.00032688145831234224
5751194,0.00032688145831234224
2185309,0.00032688145831234224
4630450,0.00032688145831234224
4753899,0.00032688145831234224
7431810,0.00032688145831234224
428710,0.00032688145831234224
173194,0.00032688145831234224
6513070,0.00032688145831234224
7604609,0.00032688145831234224
6383561,0.00032688145831234224
3816855,0.00032688145831234224
4128084,0.00032688145831234224
2365997,0.00032688145831234224
6214851,0.00032688145831234224
4353951,0.00032688145831234224
6453920,0.00032688145831234224
1759849,0.00032688145831234224
5489391,0.0003265081003021784
3850008,0.0003264217828188099
9530832,0.00032621186799059506
949898,0.0003261868012389468
3619815,0.0003261555515431902
7958456,0.0003259357705851436
4780453,0.00032588557352572516
7482805,0.00032588557352572516
1603543,0.0003258467717023215
7088085,0.00032541233932064945
5694582,0.00032519080454149223
4286840,0.00032490186383341376
4691335,0.0003246677891440423
1008271,0.00032455640132936746
9232909,0.000324236176743446
1049680,0.00032394669258555605
1462196,0.00032383781698371467
9474972,0.0003235655014819286
4453441,0.0003235520539717168
9844011,0.00032350548376515307
2473464,0.0003228505217969528
948494,0.00032284563156642317
7753071,0.00032207634758436447
7092073,0.00032147983516369314
2305618,0.0003213466214212583
1630037,0.00032125402486892803
7836742,0.0003211711899881049
7766338,0.00032105329445992917
2415718,0.00032102690264470965
6708536,0.0003209267298822213
8185972,0.00032072826555517187
3947297,0.00032046792132356297
5758158,0.000320402557745177
9374500,0.00032026111298520416
283414,0.0003201228610287349
3028810,0.0003200861859599969
1381609,0.00032005197845167305
4458948,0.0003198909875008938
8676785,0.0003196637646559437
4238201,0.00031966276693648775
9133446,0.00031913830745467924
3493654,0.00031883332170341003
8167271,0.0003188265549823714
5809973,0.0003187679377416977
7526791,0.0003186119383639143
9404902,0.0003185449987454879
166711,0.00031832349914883226
8988351,0.00031813504498544965
6164331,0.00031799637981082545
9127374,0.0003175367057804928
7667384,0.00031752767982568713
6634899,0.00031734014645990355
4553623,0.00031734014645990355
4399708,0.00031734014645990355
3114340,0.00031734014645990355
5922160,0.00031734014645990355
5071047,0.00031734014645990355
3634398,0.00031734014645990355
3292384,0.00031734014645990355
9047612,0.00031734014645990355
1599200,0.00031734014645990355
8790596,0.00031734014645990355
4174272,0.00031734014645990355
5302126,0.00031734014645990355
8768008,0.00031734014645990355
1576635,0.00031734014645990355
199706,0.00031734014645990355
6838297,0.00031734014645990355
5425761,0.00031734014645990355
5467191,0.00031734014645990355
687292,0.00031734014645990355
4294263,0.00031734014645990355
8724740,0.00031734014645990355
7187451,0.00031734014645990355
7914061,0.00031734014645990355
9927124,0.00031734014645990355
6444458,0.00031734014645990355
8654190,0.00031734014645990355
4175148,0.00031734014645990355
9573274,0.00031734014645990355
1483318,0.00031734014645990355
9532277,0.00031734014645990355
9282511,0.00031734014645990355
1248771,0.00031734014645990355
3907617,0.00031734014645990355
1364914,0.00031734014645990355
3602669,0.00031734014645990355
2355777,0.00031734014645990355
5379847,0.00031734014645990355
7054897,0.00031734014645990355
1968158,0.00031734014645990355
3162110,0.00031694603365983097
7870759,0.00031693664292751405
1359493,0.00031669901092619656
2673097,0.0003166605926982956
2604228,0.0003151901932711068
372111,0.0003150293929500946
5005097,0.00031500259071879136
9399040,0.00031495944906288406
7061869,0.00031493652803148023
2762073,0.00031488169126894853
6322253,0.0003144259365539412
423859,0.00031439571429568697
9140720,0.000314049607451022
8003894,0.00031335548420890146
8438680,0.0003133096522691394
2643084,0.00031322660774587077
2284961,0.000313186422180529
3472707,0.0003131269082407956
3382139,0.0003126237426464936
4899147,0.000312611119607889
6277762,0.00031259883319429175
4387509,0.0003122839685865599
4169747,0.0003122787424072797
4714976,0.0003113831755616459
4728401,0.0003112957173747773
4272711,0.0003111613045577511
7979337,0.00031106407584638175
1820147,0.00031048208823383647
4606084,0.00031047436340883626
5047276,0.00031032660448479196
7694645,0.00031001187386510236
9759699,0.00030975040829286606
5652184,0.0003090192295316914
1463823,0.00030900456969890875
3920269,0.00030877919123323776
6937106,0.0003087493346469477
672785,0.0003086434186003192
2781819,0.0003086434186003192
4742816,0.000308582886879002
2234155,0.00030850492736693154
7825675,0.00030850381589781655
6084871,0.00030850381589781655
1560349,0.000308277484798342
4187734,0.0003082566873755002
4041027,0.00030825446820660683
257790,0.0003082224206538272
5954712,0.0003080791654502585
3249289,0.0003080572518879086
590500,0.0003079805168174001
4841505,0.0003077101753099423
2996633,0.0003076681901779288
850366,0.00030741928009866547
9922720,0.00030736934389479577
5279452,0.00030731681223291094
3562112,0.00030716577752574765
2629215,0.0003071269237206601
1945336,0.0003068593298166984
3803292,0.00030666763842376665
6939611,0.0003064289870714938
2036506,0.0003051763347191849
3929903,0.00030517453395464175
654878,0.0003046350457766685
6241034,0.0003045627475186977
9209218,0.0003037666736575507
6244815,0.0003034316308658108
348509,0.0003031422972346156
4947846,0.0003028158162611876
9352606,0.00030245370910256405
7998782,0.00030240413234368634
9754634,0.0003023719278718906
7786084,0.00030230854944907325
5949924,0.00030186258831765443
9968408,0.00030164017745304856
6744909,0.00030102990617143083
8091736,0.0003009081634743062
1671112,0.0003007240022270232
6463317,0.00030019106435443904
5115266,0.0003001438829362085
7812683,0.00030005325903904623
1319471,0.00029991969488596826
4995178,0.00029984625169607413
4524335,0.00029965373841119453
3494154,0.0002989841289421315
9147368,0.00029894149128859596
5361591,0.0002985193001122321
7410593,0.00029787856497667537
2123085,0.0002978633125773871
423250,0.0002978050648919092
8191374,0.0002977530542082615
5753107,0.00029755657646857566
3535915,0.00029755657646857566
9239882,0.0002975340625358082
3662496,0.0002971157117790124
2352168,0.0002970654392931839
3926230,0.000296852195303389
9168396,0.00029617747948970955
5442396,0.0002961376710037526
9288849,0.0002958539670627532
4228636,0.0002956288700965315
8148582,0.00029550675988168303
3384932,0.00029534014153650046
2485971,0.0002952011804126668
236274,0.0002950703374559393
7877603,0.00029488817736918383
4984248,0.0002947961210667405
7746987,0.00029468755484055254
4068544,0.0002946571404763317
3644431,0.0002946556828487803
9302332,0.0002944438729232571
164860,0.00029440557784617187
6704052,0.0002941003022988064
3484308,0.0002940883749958052
4865123,0.00029407040843880855
8607228,0.0002939410933042853
5314902,0.0002938616923756759
2559257,0.0002938518581119425
919730,0.0002938471106633134
9154883,0.0002938336826326167
1309286,0.0002937813078647051
7037958,0.00029355426769350735
8973638,0.00029345124555956
5895859,0.0002932515164290406
1541564,0.0002926116867811882
116373,0.0002923570391280133
4123925,0.0002920553371153564
5206256,0.00029183209704059096
6951024,0.00029178124094769123
6167216,0.00029155745605518934
5320209,0.00029152274326431674
6252328,0.00029148008198687236
6333157,0.0002913809797900847
8935450,0.00029121627364973434
5495454,0.0002910171880984734
3859903,0.0002910147327826307
8082058,0.0002909579998529548
1018815,0.0002909011676376025
9663932,0.0002908091523793168
2364052,0.0002904218475366305
4693046,0.0002898762012336948
50195,0.00028943287218651073
2156806,0.00028937808799246663
6364124,0.00028904355146250067
5501039,0.00028904355146250067
1228217,0.00028904355146250067
1105083,0.00028904355146250067
4664997,0.00028904355146250067
4535448,0.00028904355146250067
1872014,0.00028904355146250067
1997935,0.00028904355146250067
8058999,0.00028904355146250067
5997706,0.00028904355146250067
6806336,0.00028904355146250067
2054886,0.00028904355146250067
5010251,0.00028904355146250067
2613404,0.00028904355146250067
4000983,0.00028904355146250067
516405,0.00028904355146250067
4533072,0.00028904355146250067
9380262,0.00028904355146250067
9057404,0.00028856388195076186
7521165,0.0002881655522493229
5227757,0.00028803747831676233
725141,0.00028802220158838577
4103950,0.0002878544341468074
3582444,0.00028766077411760354
7141787,0.000287643047293132
9831223,0.0002872762503017915
3673268,0.0002866913811093487
5197281,0.0002866492573427442
8137231,0.0002866394377032342
9851958,0.00028654603971280313
2053473,0.0002864143343218238
765022,0.00028640442445645515
6765424,0.00028631697215284434
3785951,0.00028610127069657597
9765620,0.00028588575033391636
9798328,0.00028559417898280375
5248220,0.0002853202528798092
68447,0.0002852435159388483
2334762,0.00028500570379063006
6248796,0.0002849809696814946
6344645,0.00028488387456021227
8215884,0.0002846982442544427
5957088,0.00028450084262280544
2010852,0.0002842496453811329
126375,0.00028421753796054636
1341766,0.0002839937206667019
9390704,0.0002839647597099172
2662527,0.00028395647508813477
5038190,0.00028363277997120283
2858990,0.0002832987366943858
9969189,0.00028307514214607896
2429408,0.00028289821525606884
7455807,0.0002824757614188544
8400603,0.0002824435460869959
6471930,0.00028243177109233173
8059518,0.00028243177109233173
2871087,0.00028243177109233173
5318937,0.00028243177109233173
8201184,0.00028243177109233173
9434859,0.0002822077849210252
6713103,0.0002821064667549286
9944265,0.0002819501537440018
2105264,0.0002819024041360215
8849330,0.0002819023325328524
8809099,0.00028186891167265773
4992034,0.00028183582009839233
6011329,0.0002813675801673508
7625430,0.00028090954615217695
5558855,0.0002808371132997782
146798,0.0002802870714364574
6419245,0.0002802122180897007
5462768,0.0002801093521349594
1987758,0.00028003481233763663
2041798,0.0002799702538052634
6200008,0.0002798901836600204
366106,0.00027980015915231
9177194,0.00027971942311801274
3450834,0.000279553721966994
633669,0.000279553721966994
8688218,0.0002794041317673302
6733389,0.0002794041317673302
1300362,0.0002794041317673302
8560688,0.0002794041317673302
7021465,0.0002794041317673302
6393910,0.0002794041317673302
9904197,0.0002794041317673302
1487643,0.0002794041317673302
8645882,0.0002794041317673302
3388553,0.0002794041317673302
1157703,0.0002794041317673302
7502413,0.0002794041317673302
8501405,0.0002794041317673302
3592573,0.0002794041317673302
8538809,0.0002794041317673302
4099270,0.0002794041317673302
500121,0.0002794041317673302
7318830,0.0002794041317673302
1110103,0.0002794041317673302
7931476,0.0002794041317673302
6679727,0.0002794041317673302
8656354,0.0002794041317673302
2192504,0.0002794041317673302
2845569,0.0002794041317673302
2400530,0.0002794041317673302
7520159,0.0002794041317673302
3566131,0.0002794041317673302
4364253,0.0002794041317673302
6415471,0.0002794041317673302
5777624,0.0002794041317673302
4053373,0.0002794041317673302
673360,0.0002794041317673302
5854631,0.0002794041317673302
5728429,0.00027937972263688903
3515971,0.0002792897026406813
1026062,0.0002792610621020858
4944271,0.0002792396085513864
591273,0.0002790349068400129
4576949,0.0002790349068400129
6051189,0.0002790349068400129
135878,0.0002790349068400129
7431327,0.0002790349068400129
9163279,0.0002790349068400129
7813224,0.0002790349068400129
1997063,0.0002790349068400129
1574099,0.0002790349068400129
7982399,0.0002790349068400129
3110454,0.0002790349068400129
8266455,0.0002790349068400129
1352490,0.0002790349068400129
4218294,0.0002790349068400129
9829333,0.0002790349068400129
9125317,0.0002790349068400129
9897899,0.0002790349068400129
7724555,0.0002790349068400129
5625265,0.0002790349068400129
7090584,0.0002790349068400129
8351381,0.0002790349068400129
1905,0.0002790349068400129
8426752,0.0002790349068400129
4754751,0.0002790349068400129
3462237,0.0002790349068400129
5811641,0.0002790349068400129
9021554,0.0002790349068400129
6821178,0.0002790349068400129
8009383,0.0002789376077307506
9425887,0.0002785765396801573
4131134,0.0002781395854331607
2641453,0.0002778034226721578
202835,0.0002776263093062998
3475338,0.0002776024302700955
2694886,0.00027759042878844337
2822711,0.00027707001436449123
7579958,0.00027670565207438025
9946159,0.00027670540753276684
7882600,0.00027662059980741537
126708,0.0002765009131460674
2245308,0.00027627398646418286
2920779,0.00027608934705810885
2442868,0.0002760719825856252
2939929,0.0002757899149048704
6242754,0.0002756106549204815
3742015,0.000275579321051742
5052402,0.00027554844155394887
1331673,0.0002755071802421951
698625,0.0002754229944125009
6307421,0.00027520626193868586
5319410,0.0002751114072250361
3045402,0.000274545726057219
6635181,0.00027444546568016696
2938062,0.00027416602816498955
537886,0.000274128262649163
2770469,0.0002734989917002277
3494834,0.0002734989917002277
1539543,0.0002734989917002277
7773340,0.0002734989917002277
692360,0.0002734989917002277
747558,0.0002734989917002277
6295199,0.0002734989917002277
133328,0.0002734989917002277
5279955,0.0002734989917002277
7941037,0.0002734989917002277
1019298,0.0002734989917002277
5120332,0.0002734989917002277
6862211,0.0002734989917002277
7395743,0.0002734989917002277
2633954,0.0002734989917002277
3549471,0.0002734989917002277
8450327,0.0002734989917002277
2218861,0.0002734989917002277
6393836,0.00027347557039898355
7700273,0.0002726543832796357
1255392,0.00027263359198462754
4688394,0.0002725977580245688
4167936,0.0002725977580245688
7276483,0.0002725977580245688
7859999,0.00027217248080195207
385644,0.0002718907629558112
474512,0.0002712909035149763
7831237,0.0002712854864850146
9663985,0.00027080804745272365
8749998,0.00027058934533400803
34106,0.00026988361249292406
3707040,0.00026919247731450283
4164945,0.00026907066444411897
4236883,0.0002688637920216422
1208828,0.00026831247143601446
2553601,0.0002680814077037412
8571751,0.0002671468829059442
8519732,0.0002665955544579979
3883863,0.0002661275482822398
4758555,0.0002660061997251536
117775,0.0002648957449527241
3138439,0.0002643698990723134
4655490,0.00026408510360247377
7606167,0.0002640595730337154
6094154,0.00026382419658993564
9047883,0.0002635856731670458
368817,0.0002634365044565698
4062612,0.0002631163286309943
259411,0.0002627266212427363
8539935,0.00026265655548114594
5525620,0.00026253717561939096
4424214,0.000262376544060978
7440176,0.00026213084886219805
4875085,0.00026210925276129107
1011598,0.0002610809079363934
7120621,0.000261019761637058
6094378,0.0002610006727777677
2899590,0.00026033760874918943
9608517,0.0002601864923909197
4446184,0.00025977821761062413
674518,0.00025952604750374323
3599014,0.00025938838232934824
2756177,0.0002589734596409638
5863662,0.00025897046660546837
1056686,0.0002578822504637982
9693792,0.0002572636959117129
1487121,0.0002571259094861795
6118032,0.0002568511704387321
3999015,0.0002567547397408772
7815206,0.0002567417084571035
3667349,0.0002566276703959608
7048463,0.0002565076772670776
1854237,0.00025644430172060704
3939726,0.00025602061062562036
3103161,0.00025564559694015235
3901783,0.0002553919127314938
3517618,0.00025529505540723555
4810926,0.0002551865439611182
7575861,0.00025518605504077865
3074229,0.0002548349372171727
196129,0.00025470260604584734
5291708,0.00025375471507293286
6134233,0.00025355346716931994
2623641,0.0002534748460817781
5590609,0.00025346613606932095
8560948,0.00025309486856335783
3777045,0.0002530141441936392
1870086,0.0002529886953695529
1174317,0.00025259021996943635
8570155,0.0002523745177432532
1047175,0.00025221986862120863
3027820,0.0002522049855345819
6801470,0.0002519742385773283
6784489,0.0002519340210879237
4054441,0.000251862170309994
1705606,0.0002518240706107026
8323696,0.00025159551596466435
4300329,0.0002515491889217314
8175637,0.0002514231027561692
3029684,0.00025111033672962067
6505394,0.00025022548702711224
9436683,0.000250156363607985
5010873,0.00024964485071546697
9173338,0.00024943327360616135
6755196,0.0002493821222524549
5665086,0.00024903458965434366
621320,0.0002489569916062641
1658029,0.0002489321439378935
7122164,0.0002488651155589555
5164306,0.00024822524463604263
778900,0.0002480710126820651
950082,0.00024787412483588
7457484,0.00024787412483587995
7089814,0.0002474396632910826
8771220,0.00024729609540043276
1254746,0.0002471253198250482
3880484,0.0002468132764439858
3216112,0.00024645790808534623
8832856,0.00024631660945406155
3420594,0.0002461541423946741
1780925,0.0002460543355661208
9754401,0.0002458398949455717
6252940,0.00024531425481431304
6970382,0.0002448142298636837
8919704,0.0002447598252813363
8269555,0.0002444297786482235
7567998,0.000244359370069275
8414935,0.0002442431407176213
8235425,0.00024396355425355178
6915778,0.0002437697782652207
1103322,0.00024369976027004996
50035,0.00024353273796537324
7294147,0.0002433566574796565
6652558,0.00024329434593695195
7201575,0.00024327259158522788
982342,0.00024323801901125267
4730566,0.00024320940538949358
4045664,0.0002431574409592822
6012549,0.0002430764206204689
9338064,0.00024260966999160982
9327784,0.00024255679629938423
9696892,0.0002424748610246733
437601,0.00024221835916230904
7014566,0.00024220644235689137
4095030,0.00024191603125039868
9874569,0.00024180724239644124
8424328,0.00024162683310272366
9332343,0.00024153037931093607
8667132,0.00024121285864308592
300472,0.00024109468246522888
8408114,0.0002408521879657276
459277,0.00024065955927102055
4625275,0.00024045647656282363
4366522,0.00024030630064103106
2784950,0.00024020746147836847
3304775,0.0002401598406921753
2055102,0.000240100869920111
6556603,0.0002400292280503699
4241601,0.00024002871991125378
3778360,0.00023980485593449874
5699037,0.00023970721523002497
9964471,0.00023958659773995705
8069933,0.00023956833157531224
7407364,0.0002392110263076243
1263100,0.0002390003237015358
2562968,0.00023899936488843137
7429685,0.00023892344657422648
1970706,0.00023810459832155785
4525587,0.00023801724052315942
6843269,0.0002379749671038167
8969491,0.00023789544539415814
4495416,0.00023788559609964918
525571,0.00023786812287468956
3193972,0.00023751844630533992
6398671,0.00023722827510182774
9852244,0.00023700289188119728
2158669,0.00023699560094086181
5258483,0.00023611413886309135
7696748,0.00023607063895383616
3470299,0.00023605862662716732
641396,0.0002359681680852317
9295789,0.00023569911561319544
9591802,0.00023556819053404142
865493,0.0002355123388844896
968889,0.00023545098839496822
8988176,0.00023525653636828723
7885633,0.00023524897128207129
8721040,0.00023504382233397762
8159299,0.00023496655724364375
6330688,0.00023490420233784074
6090770,0.00023473332155436648
7182139,0.00023473332155436648
2489542,0.00023467858681709846
4748201,0.00023462127434725668
2954049,0.00023448126876829647
6778558,0.00023426013187549655
9787256,0.0002340751345020867
4909279,0.0002340213856898372
5507250,0.00023378335312420367
5952539,0.00023273321486826917
4051228,0.00023212857542998872
6021028,0.0002320036110630149
4976820,0.00023192290140349554
1739056,0.00023182219690605585
5744530,0.00023181644808558256
2143314,0.00023171657167694287
3003117,0.0002312982388050362
3260682,0.00023117481885399904
2432590,0.00023110236020791304
2055525,0.00023078657580892113
4845423,0.00023078145552135327
2490094,0.00023073016398185471
4692142,0.00023069788632901377
980725,0.00023051930187571295
4012317,0.00023047662004327477
8407175,0.00023043253933188816
1051598,0.00023023997201900576
2035303,0.0002302213062668563
2262664,0.0002299609422908047
1316464,0.00022959051814546875
7798827,0.00022936660162589182
4914666,0.00022931750305386315
1992799,0.0002289836737284121
8541934,0.00022898129551563207
4598418,0.00022885011856380017
3676464,0.0002287422808053454
6642413,0.00022858514162458075
1561342,0.00022799033276768295
7735700,0.00022792164689535888
9411633,0.00022792164689535888
3449826,0.0002277001234544739
2434410,0.00022750291713608198
7955736,0.00022730220130555962
241365,0.00022674292840284136
6148394,0.00022671922797869355
4847237,0.00022644379858086872
9688260,0.00022636395493783845
2520313,0.00022628017714397593
3373924,0.00022607240552596468
6015856,0.00022596600459643784
6576824,0.00022593723047827853
3762951,0.0002258397536744342
202,0.0002257260516396511
1491763,0.00022570142615333116
2930144,0.00022568735477214119
9181349,0.00022556619926518697
1384555,0.00022494324131105964
8494579,0.00022467694904839636
22426,0.00022422007903184527
974168,0.00022400179286459368
3987009,0.00022355462678535248
2747053,0.00022345507861644206
6206870,0.00022341458742651697
774871,0.00022312558577657982
9180758,0.00022307869807647307
8264154,0.00022278623621896696
9610505,0.0002224191329268321
3487438,0.0002224067508991277
577101,0.00022236323495420334
9734665,0.0002222448683672985
4735881,0.00022187871188771076
7518556,0.00022184185855653394
1618267,0.00022182224088088053
9065291,0.0002217710013452058
869403,0.00022109686723832203
9317826,0.0002207826510763225
3724791,0.00022045538677572252
287024,0.0002203533544340991
5945998,0.00022030494276344402
549840,0.0002202543908317289
7053131,0.0002202473808201161
7380837,0.00022014977308003586
8865854,0.00022013299884137867
1938386,0.00022006705954997536
637013,0.00022000684041937948
1167219,0.00021994884376758667
1516430,0.00021970346935806836
4658494,0.00021940404600166363
1957918,0.00021937920751001212
6930021,0.0002193509630686783
4759273,0.00021871111074580599
3713013,0.00021867863254442917
86127,0.00021852650357611476
9808360,0.0002183697572808705
94148,0.00021809577073447054
9908306,0.00021809529197756278
1843963,0.000218076433125313
1735988,0.00021792585110735717
2422179,0.00021762725181616335
6880126,0.0002175588333143312
7305593,0.00021745410075491844
6632533,0.00021683355963290782
6865419,0.00021655834110208678
6627551,0.00021640418496568007
972912,0.00021626779420136794
8370646,0.0002159315829663102
9119473,0.00021588645105332667
2383728,0.00021545152506825103
9136253,0.00021545152506825103
4722627,0.00021545152506825103
327648,0.00021545152506825103
5533417,0.00021545152506825103
4162170,0.00021545152506825103
5684042,0.00021535950989931866
4333384,0.00021535950989931866
6202494,0.00021521473329969706
212710,0.00021502569089183277
7757205,0.00021475246730746775
8300275,0.00021473485180497826
1167120,0.00021472960483321334
8711224,0.00021448329453317664
9173255,0.00021440383587742847
2996248,0.00021394286561956656
1867048,0.00021376527433408196
905989,0.00021372501406648274
4255461,0.00021368461069603452
7462344,0.00021357794728799287
2893236,0.0002134726516792198
2348639,0.00021344941045222478
8495740,0.00021344505770791588
6652272,0.00021332587842182383
7247822,0.00021277405999474753
4832622,0.0002127248728212773
9465585,0.00021266113695555752
3809458,0.00021266113695555752
8044744,0.00021266113695555752
3981986,0.00021266113695555752
8973468,0.00021266113695555752
8277813,0.0002124927785674255
2930014,0.00021208765519463844
324233,0.00021179960528902676
3574268,0.00021129716318888674
9720774,0.00021117418819885744
4913949,0.00021110765358892304
1187700,0.0002109788894312428
3489569,0.00021041167701199814
9011188,0.0002101819592647851
2250777,0.0002101056604959762
6769329,0.00021007084754551516
9604500,0.00020994932859936077
37450,0.00020957481919536123
3008463,0.00020907408851212047
6957076,0.00020888337409372885
8229238,0.00020859470705806999
1604848,0.00020778440849409188
9162753,0.00020735875131480273
3477626,0.00020730128548704355
2847644,0.00020714811602878263
5372037,0.0002069300156649479
6765772,0.0002064762000122083
5796451,0.00020640895650910867
5519616,0.00020637095791836506
8339031,0.00020617156468609213
8106074,0.00020610249832968616
7448788,0.00020605439024530743
3100534,0.00020518060007790892
1575123,0.00020455962377146538
9894091,0.0002034275541337991
1394182,0.00020334141392776533
7552907,0.00020329964568835193
138037,0.00020328822784797146
1139056,0.00020320485128092793
1119734,0.00020299345416006727
2911079,0.00020270472385126875
3362972,0.00020244676726479703
852499,0.000202410595027697
6684310,0.00020215832391540974
8333748,0.0002019052313099513
9183688,0.00020160380606350288
9584655,0.0002015623925392999
8650378,0.00020118314990111874
3152139,0.0002011641985065458
8093713,0.00020106007584537222
9591431,0.00020088232596761246
3866805,0.0002007237175407993
5934966,0.00020034245918480747
796398,0.0002003155104749613
615515,0.0002002738285185208
7500641,0.0002000040867774639
4321665,0.00019990035149276654
2585233,0.00019975836695345378
8325637,0.00019941538373275826
1206246,0.00019925570925373784
7380939,0.00019912273707903069
4731277,0.00019830083128050002
9301357,0.00019825691860000553
9441477,0.00019788699454994965
6614312,0.00019757938993463168
9802205,0.000197521393593402
6993070,0.00019744036716385111
8111239,0.00019733161665708087
8316948,0.0001970983265537505
2615790,0.00019679415344133898
9604470,0.00019670125390524692
7417558,0.00019665969263478632
3909134,0.00019638993518711147
7472105,0.00019621432667008625
37454,0.00019620011534595644
3849638,0.00019564088789282582
2037439,0.00019564064527949338
5965810,0.00019553288571437264
3852112,0.00019547597632699266
4921917,0.00019509117934924866
820382,0.0001947203337269751
1858747,0.00019463122562574618
1245379,0.00019452824697509675
721861,0.00019439365953250782
1776210,0.0001939181881317423
4433155,0.00019378699425842748
1007266,0.0001937772227102017
840926,0.0001937607938603131
503641,0.00019372894187592388
4253909,0.0001936835575700969
388916,0.0001936424102531377
771467,0.00019360575689402433
2084988,0.0001935831556859513
6136407,0.0001932674947704354
1208069,0.00019299480020035792
895347,0.00019295851771675832
4812566,0.00019287703289049801
6787682,0.00019279654225639087
7707390,0.00019256919330332261
124070,0.00019246956761574584
7846595,0.00019246176920166452
3173216,0.000192308995358011
4650177,0.0001922198376778918
7032833,0.00019219403589429526
1327626,0.0001919761158356863
5666190,0.0001918612659085614
9025325,0.00019158789270114758
1860749,0.0001915736074346367
4192064,0.0001914461322155211
3119201,0.00019143304208326116
3008864,0.00019143304208326116
832565,0.00019143304208326116
1996023,0.00019143304208326116
7619143,0.0001912685839140301
3694126,0.00019115963375909971
8584393,0.00019115117781096314
5953918,0.0001911228511186719
6778003,0.0001909802214518848
6273220,0.0001906977845804057
9084247,0.0001906095307887161
5290319,0.0001906095307887161
4029811,0.0001906095307887161
4802211,0.0001906095307887161
4481679,0.0001906095307887161
9136180,0.0001903463915942031
7300347,0.0001903463915942031
9925011,0.00018998123074663746
1630030,0.00018977736596245446
1149882,0.0001888518090780366
4323294,0.00018870615573821583
9035817,0.00018861391649077205
937079,0.00018846991291809212
1192137,0.00018846110394546463
5444538,0.0001883609876349709
4707509,0.00018758289797773906
1014471,0.00018703872229454906
2420297,0.00018697161072219628
6890729,0.00018660700906787046
2809742,0.00018636916206085755
4406360,0.00018634407218388066
7679538,0.00018627052250088516
8807751,0.00018611771771554186
3997513,0.0001859405762779175
7497975,0.00018592608904887626
3452821,0.0001853773264871363
6423055,0.00018525179514149908
5792498,0.0001852250287965174
556324,0.00018521774901948703
2236028,0.0001850416454675133
837172,0.00018487863503778763
1522201,0.00018459527788448402
5187018,0.00018452685114854895
9644050,0.00018450065197923266
6577719,0.00018447678026201932
6076067,0.00018433945789307082
4960952,0.00018371411401070175
5075660,0.00018359569650025105
7350049,0.00018358788971564488
1415420,0.00018330834979422554
2471774,0.00018315191809205317
5048218,0.0001829301782171179
2686131,0.00018241206686264757
1273032,0.00018235733699870028
4744208,0.00018229788690325084
5601135,0.000182179820737794
966037,0.00018192556579543578
8910732,0.00018160754213578475
6766532,0.000181418395816628
2550107,0.00018134206085294754
4512429,0.00018130622349033206
6808708,0.00018109312819843213
9855557,0.0001809170129817354
3514530,0.00018080439925118903
6981200,0.00018071156379633838
8779462,0.00018062508377592648
9246184,0.00018032903779554432
4173545,0.00018013600987664576
7792502,0.0001800710677010383
6270261,0.0001800179815843095
2075260,0.0001798902394277609
9925888,0.00017967707808270945
7553855,0.0001792443868147234
1406624,0.0001789111453509641
9133545,0.00017856283312488893
2340292,0.00017847180126638528
297210,0.00017836072362264647
3277131,0.00017821313979335068
6612032,0.00017797216014968673
3858753,0.0001776804153447526
5036117,0.00017767940950045465
1042369,0.00017751918258992978
9645338,0.000177454741518017
1750350,0.00017720861981607923
7836389,0.0001767487451523207
9434315,0.00017669529277874966
1539361,0.00017634939771113837
8798567,0.00017631237233964295
19067,0.00017608307228476907
1245056,0.0001759680383935425
1049435,0.00017587485190027278
8109570,0.00017584702458709877
834707,0.00017580237513821183
725906,0.00017563796363092963
5919350,0.00017538089054636402
5457198,0.0001749639275305117
5947773,0.00017482164742379486
8925866,0.00017467729214959128
6542419,0.00017446221297078327
4001867,0.00017424865082503314
593466,0.00017409013317598476
6931367,0.00017396018169376859
9313698,0.00017396018169376859
3172069,0.00017396018169376859
9328862,0.00017396018169376859
6771481,0.00017396018169376859
9774772,0.00017366423383012025
8748737,0.00017324056876158271
7906448,0.00017274766550566057
6750088,0.0001726757665101687
4033352,0.00017209210192292384
8869071,0.00017184474610524783
6232684,0.00017179119801431582
1281228,0.00017159622315402484
4281935,0.0001715526753156689
3768144,0.0001713413033153267
9542146,0.00017108202973601042
1479644,0.00017083688330174504
2454638,0.00017056932558475265
1048919,0.00017053145482160816
2671744,0.00017040324107575074
151647,0.00017033582070387346
2336820,0.00017033328697246014
3821785,0.00017012907825227492
2038141,0.00016985566660191517
6295423,0.00016915170811058434
2659182,0.00016905690257024015
4734581,0.00016895952301073045
4498274,0.00016877394058903073
7475841,0.00016858096821559192
9528551,0.00016844403873303925
5385079,0.00016833461987255226
7065752,0.00016822540376003705
8530874,0.0001681602261855526
5451591,0.00016811030246076164
5061697,0.00016807724262510914
4300593,0.00016791898369092884
1704126,0.00016775479322487478
4582534,0.00016765314159822403
4963442,0.0001674941966275444
8424540,0.00016738718729153874
5941195,0.00016712596146241693
7322578,0.00016693388804785958
2602499,0.00016655681156894377
6975341,0.00016641460189070162
9151085,0.0001663212178756646
2096849,0.00016629316687848483
922733,0.0001662078493165281
4264517,0.0001661097640253788
871083,0.00016607780711848198
3881446,0.00016573038441338115
260832,0.0001656713814018134
5048999,0.00016563932684292998
9825486,0.00016558804563861185
2181320,0.00016558804563861185
1617477,0.00016558804563861185
4336556,0.00016558804563861185
9823464,0.00016558804563861185
987369,0.00016558804563861185
3803656,0.00016558804563861185
5103135,0.00016558804563861185
8057555,0.00016558804563861185
8626277,0.00016558804563861185
1335963,0.00016558804563861185
685050,0.00016558804563861185
932912,0.00016558804563861185
6224806,0.0001655295280213966
5970454,0.0001651620347639916
3187131,0.00016508587227622234
6772862,0.00016479935884751738
7145493,0.00016468225897003246
1286009,0.00016468225897003246
4523666,0.00016468225897003246
9952607,0.00016468225897003246
68765,0.00016468225897003246
9775411,0.00016468225897003246
8823316,0.00016468225897003246
994033,0.00016468225897003246
8135662,0.00016468225897003246
5831212,0.00016468225897003246
1886977,0.00016468225897003246
4630212,0.00016440173626889557
9852439,0.00016364458346761757
3156848,0.00016333875099805835
7463714,0.00016323850121693385
6483521,0.00016323751878226847
4781348,0.00016323321865472837
1448363,0.0001630590084593288
5919334,0.00016282572552155298
1493726,0.00016265035113485022
8323417,0.0001625421044719008
949314,0.00016233837010243767
1768391,0.0001623016420495318
495257,0.00016223821275248085
8306501,0.00016211538821903445
7719369,0.0001620126759344881
489100,0.00016163702479145623
8089232,0.0001614188550596473
107485,0.00016125143261631018
3419610,0.00016115760732997333
5164907,0.000160959822051464
1493554,0.00016094321876990888
317162,0.000160681983348259
3045488,0.00016042446974372994
2836170,0.00016001908388743
7932290,0.00015990124265532322
5775725,0.00015989610298488036
5012859,0.00015970423796952987
8845996,0.00015946283324576993
8564604,0.00015945061707486782
1290754,0.0001589984123694894
1236171,0.00015863752277486798
1010907,0.00015856078711905502
6552005,0.00015837784417345409
2327927,0.00015833024566402237
1547488,0.00015813744479158698
903562,0.00015811562295803462
3183465,0.00015789778954764018
3905603,0.0001578877086409999
6004689,0.00015772836642829148
6939442,0.00015764803201102722
7018401,0.00015741281237078805
5229858,0.00015714642213617223
6757770,0.00015698906059554636
7318893,0.00015683021133930535
8231931,0.00015671542327928397
179172,0.00015662650702247057
6095984,0.00015656195105592414
4519927,0.00015650404909103732
8516155,0.00015626620886441351
7012073,0.00015555057085239927
530295,0.00015544768022188632
3902486,0.0001553102803750102
6263685,0.0001552436654289388
7041535,0.0001551209657233394
4651588,0.00015509736060055146
2026879,0.00015509547182288442
7438812,0.00015496452392351758
5938831,0.0001549312432154484
1372755,0.00015486403439334394
1813360,0.0001544982109284355
8370921,0.00015449175672343067
5805570,0.0001543690245815802
3525368,0.00015434641597698113
4809307,0.00015416273709978803
625045,0.00015361184014320005
5923353,0.00015334288656835407
4569254,0.00015314281787613093
1848836,0.00015314015756239465
5900563,0.00015298339031106904
3772794,0.00015298339031106904
726461,0.00015298339031106904
8226589,0.00015298339031106904
9537611,0.00015298339031106904
2683126,0.00015298339031106904
1482231,0.00015291182427085845
4654699,0.00015263411309247675
373007,0.00015252191466475144
3350802,0.0001525205653264962
9167393,0.00015219143765636447
4593248,0.00015184512708590547
1870418,0.00015157916121419528
694046,0.0001512199964406281
772566,0.00015111191390294445
1336382,0.00015092535008270894
2612092,0.00015079898871296223
8791754,0.0001505914505254346
1522659,0.00015013467042815931
358756,0.00014975673958884359
4967174,0.00014958178466092207
8402567,0.0001490948703439718
9686356,0.0001490909806090925
9763881,0.00014885199837382906
7127263,0.00014867510874363684
8269715,0.00014863362729391358
5458601,0.0001485303590175925
7812442,0.0001483435488466806
4564612,0.00014824334120044553
9585694,0.00014808627378316602
7401886,0.0001480329510046964
7702933,0.00014799421722675683
6307322,0.0001479544375445569
3284919,0.000147930620781168
9299182,0.00014777489336435977
8667091,0.00014767738743038183
8069506,0.00014755344865414089
1099021,0.00014736021578729523
9803834,0.00014717079104638398
7893774,0.00014716361455666298
720670,0.00014706262868493435
4588604,0.00014696514864006945
8246200,0.00014675977017319114
487008,0.00014646622672702286
5283337,0.00014645040199284535
6734949,0.0001463436484516773
5848790,0.00014606445877348942
7512623,0.00014592577807817178
6211783,0.00014580503579822313
5804879,0.00014541876023650992
9316156,0.00014519311160059728
2249424,0.000145139940401223
3064652,0.0001451027495140214
9000034,0.0001450604730057883
3817107,0.00014478809935891158
7335151,0.00014439294731225048
9648050,0.00014354658501601305
8354574,0.00014323951486250729
2946371,0.00014321181796723702
1409880,0.00014304548237760459
9705268,0.00014294664094366576
6790809,0.00014291055461737126
9885204,0.00014290627489739938
1198283,0.00014280227350581428
4029612,0.00014274840138539727
6212579,0.00014246135609253944
3439853,0.00014235996952545677
2053838,0.00014211996304724624
6412227,0.0001417553541060373
5856093,0.00014171231073735355
3964472,0.0001416600312921843
1594215,0.00014126819819832998
2136108,0.00014111031118534432
7370370,0.00014065873976412587
6272173,0.0001404800156760674
886350,0.0001403751816955248
6288631,0.00013992310501768196
7756825,0.0001398587420370965
8149630,0.0001396940610866641
4358470,0.0001395564627175613
8742270,0.00013950026981146012
9915604,0.00013928258072871133
115934,0.00013883778299360222
679135,0.0001388336630955528
6378677,0.00013853343992783118
4472856,0.00013844870116287648
1901677,0.00013842174551978255
8972904,0.00013833331991323358
5596133,0.00013781981312912942
5235858,0.00013777062343919098
3719757,0.00013771353989618432
7445231,0.00013764939303457065
3432470,0.00013763357031081262
224108,0.00013753216324958095
7810049,0.00013746290135829479
3227436,0.0001373242729829831
6146633,0.0001368104062082512
3294209,0.00013665160119828322
6618619,0.00013659097051858294
9434115,0.00013634914529200533
9600820,0.00013592597365339135
2289207,0.0001359192345835914
2508078,0.000135841368345014
1370143,0.0001357749272831282
7620555,0.00013534309269209603
7037743,0.00013527566510438102
7805570,0.0001350151681005112
1888149,0.00013486428424906155
6849701,0.00013485795806267363
4912974,0.0001345981157661433
9441933,0.0001344504745827424
1072580,0.00013439341736262958
3889229,0.0001340705197774694
3318657,0.00013385704671452936
6146357,0.00013385574565920671
9441209,0.00013382066882968466
9532486,0.0001332980087472014
9272879,0.0001329636433257018
5302007,0.00013294017050450357
8611271,0.00013285672680392584
3087950,0.0001328080750089726
9614404,0.0001327568978582785
9558727,0.00013274921366326635
6056366,0.00013268942962846005
1583861,0.00013268810267484817
8141728,0.0001326388662228682
5905231,0.00013241315651189972
2066027,0.0001323029813819608
5752783,0.0001318616586307625
2595588,0.00013185789051220346
8697738,0.00013158366873269818
3616116,0.0001312766337397657
4094438,0.00013114964372102467
117059,0.0001310831399015985
6207826,0.00013106254466310247
6645303,0.00013103897868419503
7499005,0.00013097017658829317
8019240,0.0001307516864042862
5242697,0.00013047298637926998
9137916,0.00013044733931381994
7404882,0.00013039296214866085
3171893,0.00013031812698549908
9329974,0.0001301085376882398
4505869,0.00012999815052713143
330063,0.0001299495136769685
8159406,0.00012974811079974894
6763770,0.0001297109571229861
4654140,0.00012961857130386177
3938715,0.000129606769531068
6718330,0.00012953561126151405
8085794,0.0001295195513499317
1392029,0.00012950741128078298
5131767,0.00012911929509078286
7483493,0.00012871195537361366
4609959,0.0001286576690989264
6260004,0.00012852665141844174
4716090,0.00012850295455218766
3302307,0.00012829304981149052
3945883,0.00012827606535607708
8929680,0.00012822151480722938
5908689,0.00012818153395481065
841760,0.00012800664261874056
1197564,0.00012785151269848112
2714641,0.00012776282309812114
9628417,0.0001274718127016801
6132773,0.0001274162522773973
1690612,0.00012714078978372673
8095502,0.00012697118281829208
9829695,0.00012695794081795094
5936955,0.0001269337349706312
1358889,0.00012683483091008118
6946714,0.00012671923723147534
6007428,0.00012669715905460813
6325734,0.00012669715905460813
4256718,0.00012669715905460813
8018751,0.00012665478797891714
1838625,0.00012664784991980372
2177206,0.00012642984418794357
9493470,0.00012642134046551536
4405744,0.00012640903167983816
5793840,0.00012622473412517756
5167625,0.00012614239099338495
8266394,0.0001260352747399057
7275530,0.00012588643356195407
6642927,0.00012586113179543717
343293,0.00012585149866526887
2751872,0.00012560061590588724
1014561,0.00012558817174923448
4981447,0.00012552641291743857
6920872,0.00012538867648346287
812770,0.00012534199759269953
2487925,0.00012526003620353412
649974,0.00012502632897698626
5569628,0.0001245761831636706
6395361,0.00012436016176367533
3877738,0.00012420387143219325
939939,0.00012414015740679028
1625055,0.0001239705375552605
7904298,0.00012381596227894903
507670,0.00012326603650642982
8855242,0.00012318864095342305
5967232,0.00012314119791645678
7539907,0.00012296354478968555
4722963,0.00012288483821620383
4886108,0.000122817032217673
8760957,0.00012277778410244228
1066613,0.00012277097504235978
6865552,0.00012265342695858374
3979120,0.00012246943981989944
1705143,0.00012244061242402537
2109961,0.00012242432497603045
830107,0.0001224177912528652
6460231,0.00012236194189055866
5521840,0.00012234135242602658
6815886,0.00012231377786832773
1595243,0.00012209058148218962
9544749,0.00012201756428193957
4331267,0.00012201098183726858
3583184,0.00012197047682207523
7552237,0.00012190518045989709
3964869,0.00012187883854260792
4319700,0.00012180907046618921
9143666,0.00012140359077172406
6985500,0.00012136581661385422
3624385,0.00012071315547676847
6941708,0.00012060995735715922
8336243,0.00012059806279767727
864631,0.00012035014346178753
9181912,0.000120183632795762
9315114,0.00012016916942111789
1974675,0.00012013227722494551
4998000,0.00012003459275752135
8295946,0.00011984765410420249
107875,0.00011980927258142357
2477480,0.00011970139880622613
366261,0.00011955789795669723
3344819,0.00011940064005085157
465078,0.00011934129270535816
5858118,0.00011910922399273647
6195479,0.00011909255752228981
4771250,0.00011898863993241681
1503492,0.000118540435204629
8377633,0.00011846292010584609
5228905,0.00011818421040168953
2804753,0.00011816727279709415
3190961,0.00011813115639534432
85534,0.00011800784181482309
8878810,0.00011761506449785148
2908298,0.00011744032104384663
1618758,0.00011714375992311982
4137029,0.00011712252422381111
6478429,0.00011711621844710186
9965649,0.000117062572183964
3571010,0.0001169211705466585
3983351,0.00011685829916085891
533785,0.00011671709564103409
3839718,0.00011659047498473098
7323161,0.0001165331208012398
4260089,0.00011644639074876733
7767170,0.00011615405548416467
9496926,0.00011615005466072178
1770678,0.00011605474830774336
5097003,0.0001159853005677484
6827560,0.00011590107937058512
1398446,0.00011563667798142373
3177176,0.0001155687437063998
8450782,0.00011556324640043942
6225775,0.00011535066740240608
3968975,0.00011531748309879196
5982939,0.00011518852676389507
1638631,0.00011518835621973883
6191584,0.00011515724509998066
7515157,0.00011514990233526528
9064921,0.00011472349375029895
4955730,0.00011448095813909029
2543145,0.00011447505605402685
8000984,0.0001144455317176646
8783894,0.00011435458129734785
1193624,0.00011415360674358211
5313128,0.0001141365198608586
1345509,0.00011398225055946529
2155373,0.00011387628387088278
9930550,0.00011375159565871811
5969934,0.00011359847515204704
8204422,0.0001135359288140167
1799155,0.00011350859128437868
7379991,0.00011346998449237854
2046815,0.0001134174965952131
3347290,0.00011337623348369651
1414584,0.0001133114317330864
8082699,0.00011314616287885342
3052470,0.00011313772000317909
3902447,0.00011305931719694185
1457932,0.00011291695884396531
1665051,0.00011257750994510623
1322592,0.00011249707245915776
1625840,0.00011238653887031094
9915308,0.00011233068452296205
3390266,0.00011226441495551946
4554881,0.00011215327384287953
9002889,0.00011206275772479912
5609748,0.00011205884227148284
5200091,0.00011204903217777493
744398,0.00011202261690463602
1895337,0.00011190353393777453
377892,0.00011169078305179415
3286594,0.00011166847518067686
4315554,0.00011164177206775491
2967626,0.00011146874755292945
3322376,0.00011105863505468766
2568307,0.00011072955997023086
2276010,0.00011072955997023086
3427345,0.00011066944547795938
1471277,0.00011059962351338081
6761841,0.00011055713144342744
6404787,0.00011044396791581979
4477075,0.00011039322289021591
8480667,0.00011034742566217473
1627323,0.00010996768393744459
2884983,0.00010980980287033336
3093554,0.00010977027587135568
1887821,0.00010974079497468622
3435733,0.00010971921634846324
2573246,0.0001096866951272254
9506568,0.00010968590210429742
3543238,0.00010942477883451671
2654858,0.0001093815582503056
3622490,0.00010917109135581853
8931434,0.00010914095096344355
3085034,0.00010910896179039875
7185581,0.00010903727790637172
777665,0.00010902569126368183
6886065,0.00010900831178739176
7760116,0.00010890497425653897
1271222,0.00010889190907878833
6635889,0.00010883122945597312
6937080,0.00010882573770599493
7821851,0.00010881240862940537
188573,0.00010869409598182131
306353,0.00010861211796950437
9129824,0.00010861099616435801
3086151,0.00010861099616435801
8040516,0.0001085404948046892
6410830,0.00010850178979611961
9154408,0.00010842257728506432
8652013,0.00010835409818279768
7162717,0.00010833919561677847
641933,0.00010833630882086271
4509510,0.00010821025057105714
6088017,0.00010807531010865776
3197701,0.00010773901056241252
9483995,0.00010743654618627801
6487999,0.00010739909193426288
5767062,0.00010739746570977043
4629614,0.00010730348587164047
8176503,0.00010719733834186335
4312371,0.00010701444313080975
8205863,0.00010692185062148636
4845061,0.00010692114580830635
1054427,0.00010686157528321799
6496215,0.00010684077451769748
2387272,0.00010682536742796136
3046827,0.00010679603515332246
8648329,0.00010672516197750509
9594291,0.00010656456728360127
7769622,0.00010650517009060326
9486061,0.00010649106574879597
7853637,0.00010644991109308062
2217504,0.00010644991109308062
4344386,0.00010643753784889587
8278069,0.00010627484529544312
329972,0.00010617206749159958
8376659,0.00010616653890125366
8825485,0.00010603423226715564
7155469,0.00010601287544741301
257996,0.00010601051641715124
9739581,0.00010591748506706366
5968200,0.00010585816420067575
4453621,0.00010577534164323536
9631769,0.00010567544277512094
1093294,0.00010545291771965336
1343218,0.00010537359113911977
4290229,0.00010522689272185186
8543174,0.00010522689272185186
7174279,0.00010506367369169639
9357106,0.00010505411515519964
755091,0.00010503440498467977
3855102,0.00010497083880327112
2896646,0.00010478082684826229
8290179,0.0001047618689400638
3121675,0.00010475835278007462
5935704,0.00010474278594125948
3025932,0.00010465436735273236
9934149,0.00010447619418903794
3034202,0.00010445628218309016
4089192,0.0001041667820673983
3913956,0.0001041394399041876
947108,0.00010408215581630792
3492288,0.00010404825689190014
9389657,0.00010404757678129052
9488240,0.00010401462766831007
5992113,0.00010396415866298924
9400100,0.00010390514486164166
9035305,0.00010389052414805642
8890936,0.0001037506654994196
2079785,0.00010364885834713124
3276492,0.00010363849358406251
6013701,0.00010357265078236347
7970185,0.00010344064384626862
7894276,0.00010330315697904585
2088693,0.00010329870201450931
3178278,0.00010312474945255515
502305,0.00010309696176194617
1373755,0.00010304405205415905
5435894,0.0001030201428379365
3067561,0.00010301136303248571
1741927,0.00010297963215577935
3504632,0.00010291379583214382
4469495,0.00010290092321866174
1640548,0.00010277591054639038
2051031,0.00010262766595697249
6194724,0.00010262286697503885
4806602,0.0001024829891481001
3989373,0.00010230258625720234
3566598,0.00010226539698779906
335054,0.00010225596888818372
1266081,0.00010223810997771882
4622896,0.00010215571778240896
1544566,0.00010212932413359338
5664754,0.00010194261836800502
7815270,0.0001019068671328434
9649393,0.00010178061773401079
1903808,0.00010167902648699076
7135241,0.0001016632803736481
2233806,0.0001016143754794505
2374414,0.0001015924300625997
2127260,0.00010141995746672225
744358,0.00010141872755102549
2132079,0.00010116975112558376
1925450,0.00010112470735148015
6464558,0.00010098765947020297
7049677,0.00010097355495233708
55524,0.00010087276604148538
9097591,0.00010083980944127508
2064562,0.00010083386510843613
759587,0.00010083312125110773
8597039,0.00010083306758753965
8135879,0.000100829983151437
5009927,0.00010064944587027673
5655528,0.0001006155245872778
6550198,0.0001003258674117958
4375437,0.00010031335135008089
9223190,0.00010028640447166243
9679917,0.00010028274840425513
6478030,0.00010027393848878229
3515724,0.00010022261275257049
4677029,0.00010022209228480625
9639656,0.0001001926185488236
7197400,0.00010012781510227437
4279315,0.00010006604665184932
2148533,9.991725573275293e-05
551372,9.989522650132984e-05
216262,9.986640199499892e-05
1876138,9.984630826119224e-05
2639568,9.980778129099371e-05
8595535,9.979109735594283e-05
7628066,9.96985914794007e-05
8029473,9.965163154272317e-05
9220197,9.957665964602808e-05
6402252,9.947557418688447e-05
2612104,9.947430606568547e-05
2021858,9.94511699416807e-05
7833872,9.942022462874874e-05
8947895,9.941317528701306e-05
4025923,9.922538917565683e-05
9229162,9.916328954154359e-05
9336319,9.887238843216334e-05
7020519,9.878798222720292e-05
1886639,9.869920707623872e-05
8838744,9.867702927896875e-05
7479810,9.856022625976779e-05
2738330,9.849253630774327e-05
6894391,9.838569350431115e-05
984603,9.829003645632247e-05
6007502,9.828617664150017e-05
8437208,9.82626456249446e-05
9933731,9.824659874310167e-05
5398039,9.822889258319367e-05
8236255,9.81090911888174e-05
8474954,9.802400528770702e-05
6296703,9.785685040376307e-05
2832552,9.779805517379159e-05
23766,9.779055676442575e-05
6134757,9.77840825770017e-05
988310,9.777080951662521e-05
6010599,9.768979203381396e-05
4005987,9.759328940514598e-05
5240856,9.758959960492591e-05
729146,9.753301068126237e-05
5995439,9.738895833455362e-05
9188598,9.73227399256185e-05
269084,9.728493503262706e-05
215075,9.717466332820911e-05
8412253,9.704678052250918e-05
5776542,9.702490058695744e-05
8062478,9.692994332884626e-05
7501928,9.689297104046687e-05
7960377,9.673958248442301e-05
2835272,9.658925823104411e-05
2629304,9.656044988018433e-05
8864357,9.654876812092858e-05
5004066,9.647658748017948e-05
9870055,9.637306611152418e-05
308919,9.637304174572479e-05
4191771,9.631435654610453e-05
5007399,9.626351418512137e-05
1283106,9.61428462514632e-05
2753472,9.611594761516499e-05
1403003,9.597260226943988e-05
4734817,9.594393896421159e-05
6347499,9.594359277708336e-05
4165951,9.587736903852578e-05
8691711,9.581670444489964e-05
981658,9.573842455333301e-05
4813053,9.56659492776075e-05
1503406,9.56659492776075e-05
5430247,9.554332211816582e-05
8758135,9.55023506060159e-05
981234,9.548533068940767e-05
6254722,9.54811263334598e-05
7908203,9.546036490374674e-05
3952656,9.53261190909494e-05
7662538,9.53194934922612e-05
4961677,9.531020065947548e-05
8614467,9.523453187737789e-05
8932048,9.517875396185012e-05
1339321,9.50314743879182e-05
6261066,9.500712266710611e-05
6904263,9.495756016864039e-05
9699206,9.478730356817956e-05
7577166,9.464018956943245e-05
494314,9.464018956943245e-05
389208,9.45395760344168e-05
3147670,9.45395760344168e-05
3070169,9.45395760344168e-05
184164,9.446826012052319e-05
9647480,9.445668528985541e-05
5148379,9.429777650141243e-05
3322846,9.422058818326211e-05
4434314,9.422058818326211e-05
5281150,9.404728010687842e-05
8880274,9.402714429065646e-05
4530371,9.39255299588668e-05
8846143,9.391676266352303e-05
3425604,9.390266512549835e-05
9550384,9.38913040583074e-05
411894,9.385425292872049e-05
1248923,9.383520726523613e-05
8678011,9.377391462793114e-05
4174155,9.368092778195995e-05
1722061,9.360890397198151e-05
5136560,9.357015330552896e-05
7449543,9.351930566954122e-05
4744530,9.34924587926388e-05
1997941,9.343959238240489e-05
8239587,9.3254272266342e-05
1886471,9.316224100748132e-05
9734838,9.313694191461785e-05
8488340,9.313266294258438e-05
3301033,9.303736342704017e-05
6754513,9.294087522359655e-05
8022558,9.28865889237368e-05
4091750,9.28865889237368e-05
9480336,9.28865889237368e-05
4703220,9.28865889237368e-05
941534,9.277855444172404e-05
5937301,9.277428417372945e-05
9073808,9.271938074364034e-05
8847778,9.264913666101862e-05
8977369,9.264386250144945e-05
492888,9.257262883088338e-05
318426,9.256283727242153e-05
7170449,9.251876884276217e-05
9617947,9.250162049770336e-05
1041645,9.249716754469102e-05
7471129,9.244832239626183e-05
4631973,9.238526186172697e-05
2075011,9.234670520509485e-05
5057155,9.223684538596418e-05
5880578,9.223605748012178e-05
7997090,9.216644646852147e-05
2782932,9.194517920729426e-05
5006354,9.181986824118248e-05
8600399,9.181982201811068e-05
8793962,9.180702077257909e-05
236685,9.180473846333711e-05
34447,9.179929233999682e-05
928429,9.17538864100291e-05
5196923,9.172107147725917e-05
7045978,9.16857719492854e-05
173603,9.165159008002153e-05
8143864,9.161804631380245e-05
2828235,9.160686480041776e-05
2268315,9.157546025579131e-05
4515460,9.15551021241514e-05
454174,9.151842603889125e-05
4522467,9.151842603889125e-05
4862102,9.151273760078208e-05
6146505,9.140999284477734e-05
5345892,9.139235006017722e-05
6819283,9.13566691889106e-05
6965411,9.132445252163775e-05
1953865,9.130401784207204e-05
4343882,9.125335044166363e-05
2122805,9.12314887785744e-05
7289608,9.121155633589573e-05
9317806,9.115065025535696e-05
3403387,9.114557473368009e-05
122202,9.11057020834148e-05
6648250,9.106820742073703e-05
906619,9.096245071934974e-05
2455200,9.0955244258483e-05
581158,9.09367234335674e-05
313856,9.08825969426784e-05
787507,9.085265761302717e-05
7742583,9.08337106154952e-05
7809010,9.08025579835324e-05
3715922,9.074761327202061e-05
9266883,9.074761327202061e-05
817947,9.074761327202061e-05
851827,9.074761327202061e-05
7702561,9.071199249316165e-05
2531514,9.06169603971222e-05
7501904,9.061517228441774e-05
8739840,9.056604639650061e-05
3413735,9.044729742276576e-05
1589606,9.028972437133423e-05
4276464,8.992306784453733e-05
4998746,8.988790493634242e-05
2748234,8.987946045534146e-05
3586196,8.984786839834861e-05
2869128,8.981384808753325e-05
8220555,8.981384808753325e-05
7882382,8.980904942947293e-05
8854996,8.968039909905035e-05
9998233,8.960580118852868e-05
510258,8.954905172689644e-05
9095937,8.939573833242374e-05
5950166,8.938230856895686e-05
1753890,8.938230856895686e-05
8480840,8.936676619392426e-05
962764,8.922897437632236e-05
4966102,8.922652707457732e-05
8292546,8.921918122655763e-05
2348612,8.918070311347799e-05
3515524,8.9096060375099e-05
8009473,8.905505067954687e-05
576562,8.899019409655114e-05
8461696,8.881210957207945e-05
2318929,8.879805694142134e-05
6176143,8.876298408944822e-05
2512202,8.873918688423845e-05
6562240,8.865739529062799e-05
2923072,8.862396850951889e-05
533774,8.860701774558449e-05
5282906,8.847591922064349e-05
5114335,8.846968779812611e-05
9445627,8.846382212129767e-05
5125618,8.845722278726388e-05
6936627,8.840727979910165e-05
503448,8.83121802449785e-05
433716,8.830064412823936e-05
8789705,8.81626141735362e-05
3011605,8.814094476113993e-05
5009201,8.813887433250966e-05
9903143,8.811129524540255e-05
9428183,8.803645511305431e-05
8077582,8.801236827176692e-05
2235322,8.799847709979552e-05
6314496,8.794929029878708e-05
9599906,8.792372666130549e-05
9458956,8.785475008453362e-05
288084,8.777186340165589e-05
4599330,8.77461670708094e-05
3623918,8.77461670708094e-05
7010719,8.77461670708094e-05
271397,8.77461670708094e-05
4184745,8.774222907605712e-05
2897876,8.774222907605712e-05
1032707,8.773113738663922e-05
9850840,8.77209958094009e-05
1616135,8.765311224871321e-05
8446770,8.74582956999914e-05
9893817,8.740170780783006e-05
5550519,8.733290346298942e-05
2640022,8.72478418216303e-05
2527385,8.721952516674964e-05
4057585,8.701246286120513e-05
6673121,8.69789944168522e-05
1803813,8.69789944168522e-05
4013267,8.684174614386061e-05
2978817,8.684166654773865e-05
9925275,8.684001574591388e-05
2161249,8.666790933030684e-05
4391986,8.65954553448702e-05
8734541,8.656705385207334e-05
6538974,8.651681063866197e-05
4753759,8.651544253558405e-05
7130379,8.637645576720576e-05
7145761,8.635446865002476e-05
984292,8.63438341163039e-05
8832699,8.629486603947814e-05
8827877,8.622204578123265e-05
8713861,8.61951041624324e-05
1018207,8.613177952987479e-05
9158643,8.612146625384704e-05
5154386,8.61083859625294e-05
8522144,8.606135602208905e-05
7573552,8.584632564281021e-05
509161,8.582601532399731e-05
5896608,8.580240885279788e-05
3965871,8.569886068201373e-05
9403575,8.568262304781292e-05
6969123,8.564762325971568e-05
1110449,8.559570480277437e-05
7169833,8.55014825126283e-05
2997296,8.547945938359971e-05
8568631,8.543116521948271e-05
4927166,8.526290300140166e-05
3547255,8.521144441173253e-05
9597760,8.513511316731007e-05
8979606,8.492555740852476e-05
9742379,8.492555740852476e-05
2076060,8.489561612443707e-05
5576037,8.484801977199577e-05
6680504,8.483642043966808e-05
2731236,8.481350655372764e-05
5501128,8.465151413719049e-05
6435625,8.46307444320745e-05
4746450,8.459289678469626e-05
5638663,8.453043404719197e-05
5724774,8.453032503524222e-05
4647007,8.443740440965456e-05
9782369,8.426641651124528e-05
4232829,8.426581303339874e-05
5426394,8.426581303339874e-05
1011889,8.426581303339874e-05
1826725,8.422368965879471e-05
4881426,8.41540567165585e-05
9595242,8.413829367741389e-05
7478838,8.412917893214031e-05
1030757,8.405722127042645e-05
2373498,8.394567965352077e-05
7593720,8.385933213101674e-05
2028208,8.369922644506969e-05
7791966,8.368698820309043e-05
6217898,8.356005185752517e-05
4646740,8.354969457294568e-05
643165,8.350512902964466e-05
251870,8.337543489662371e-05
5009052,8.324298687101937e-05
9772686,8.320986971536365e-05
5858735,8.320179743637354e-05
5424852,8.316673144132501e-05
108498,8.316673144132501e-05
814196,8.314932640532483e-05
1496352,8.311156651993529e-05
7666113,8.310338830938159e-05
4060202,8.306381629228236e-05
1318496,8.298925120105033e-05
3898272,8.291846899294815e-05
5468911,8.289521701497398e-05
9467811,8.284323354508063e-05
771590,8.267435263701299e-05
4104075,8.261171231858649e-05
3428841,8.251647165161333e-05
7195788,8.242493096433865e-05
7904625,8.236160811035483e-05
5717001,8.235721776309893e-05
9701838,8.230800670414725e-05
7677650,8.230597936593928e-05
9104267,8.228430670835896e-05
4398544,8.225798689364746e-05
7734757,8.220022594528395e-05
7140705,8.21686170183628e-05
9519471,8.214817464053776e-05
6613291,8.213884153588649e-05
4225321,8.212650528812923e-05
5939400,8.207474325296217e-05
1737775,8.201557177406164e-05
3433003,8.184012599457357e-05
8872928,8.16707097760465e-05
8225416,8.131204182601772e-05
7801842,8.121878319766114e-05
7967674,8.121878319766114e-05
2215917,8.116378328661413e-05
8531318,8.114548820168849e-05
2591136,8.107615261975914e-05
691416,8.101947557546729e-05
8179402,8.09322323254782e-05
1576427,8.089549496395344e-05
2827594,8.062631903317657e-05
3882234,8.058019518613824e-05
9016953,8.048337222777021e-05
4856636,8.040117031178588e-05
680551,8.039739102248515e-05
8546443,8.033331972298923e-05
8939240,8.029311370900087e-05
9160120,8.02670049161927e-05
9595590,8.013984459241197e-05
750299,8.012863306279564e-05
4714706,8.004485899354186e-05
6384492,8.00290361027085e-05
3637694,7.997223125830858e-05
1966620,7.994576108188612e-05
5158028,7.99185286634061e-05
3850624,7.983541833476621e-05
6691508,7.9785563502434e-05
913432,7.972759118415627e-05
3518479,7.972109284743692e-05
3053520,7.956514214947148e-05
7433703,7.949348869342659e-05
675023,7.913774211994518e-05
7374078,7.91014648686453e-05
9840103,7.898187790281389e-05
7593674,7.890053817325156e-05
87934,7.883986461216922e-05
4833592,7.882588442696746e-05
8969097,7.861854286379145e-05
5489325,7.844875458200642e-05
8550391,7.831501833957844e-05
8938241,7.826936604011446e-05
48055,7.800838511015716e-05
6926510,7.798613732017461e-05
6358591,7.796980969757139e-05
2783918,7.787916946183538e-05
9129083,7.78404094869118e-05
4419655,7.783093210442108e-05
4685260,7.769644529466504e-05
7752641,7.767046062658788e-05
5545515,7.762572883808123e-05
8339644,7.712868960418624e-05
1721600,7.704468129407591e-05
8900538,7.695819593584534e-05
5115397,7.692241779209751e-05
6864882,7.6903840336998e-05
9504198,7.6903840336998e-05
9176710,7.6903840336998e-05
9903086,7.6903840336998e-05
5896511,7.6903840336998e-05
5882791,7.6903840336998e-05
2158662,7.6903840336998e-05
5370180,7.688948670738256e-05
5664752,7.682213012665142e-05
5052249,7.65597752718809e-05
5768637,7.654502438873788e-05
3223799,7.647433375204274e-05
6953433,7.630523718621653e-05
3693944,7.624426125791675e-05
1237477,7.585786473725323e-05
8307447,7.579410947444534e-05
614201,7.579410947444534e-05
9429242,7.579410947444534e-05
203817,7.579410947444534e-05
5428949,7.579410947444534e-05
5609288,7.579410947444534e-05
1839789,7.579410947444534e-05
1513012,7.57809098733213e-05
6033888,7.577219210232873e-05
9527339,7.575510508732762e-05
1522124,7.550957298373102e-05
2181390,7.531148055845975e-05
4565494,7.531148055845975e-05
7504048,7.531148055845975e-05
9192349,7.531148055845975e-05
7321277,7.531148055845975e-05
6790672,7.531148055845975e-05
314204,7.531148055845975e-05
6991930,7.531148055845975e-05
5371579,7.531148055845975e-05
6787061,7.531148055845975e-05
4083742,7.531148055845975e-05
4278368,7.531148055845975e-05
341755,7.531148055845975e-05
3167064,7.531148055845975e-05
4726983,7.531148055845975e-05
8310247,7.531148055845975e-05
7001342,7.531148055845975e-05
3500891,7.531148055845975e-05
8626341,7.531148055845975e-05
7102490,7.531148055845975e-05
3067865,7.531148055845975e-05
4365532,7.531148055845975e-05
9402204,7.511136717135213e-05
4424972,7.423030570758915e-05
9938523,7.418702709898702e-05
8798452,7.418702709898702e-05
5625917,7.418702709898702e-05
7776398,7.418702709898702e-05
4156920,7.418702709898702e-05
6978610,7.418702709898702e-05
594640,7.418702709898702e-05
5268786,7.418702709898702e-05
1973654,7.418702709898702e-05
6971515,7.41370223013748e-05
7308050,7.403907558221446e-05
1976146,7.381009633866918e-05
1494447,7.377005251706223e-05
8897593,7.325164069811783e-05
5978693,7.323375052132538e-05
5667469,7.308336932509898e-05
4910880,7.281870732174071e-05
6624256,7.260641752142611e-05
298773,7.222389152063209e-05
7201,7.222389152063209e-05
4347181,7.222389152063209e-05
8976540,7.222389152063209e-05
5518442,7.222389152063209e-05
6835293,7.222389152063209e-05
8119998,7.222389152063209e-05
9869367,7.222389152063209e-05
5374175,7.222389152063209e-05
8850720,7.219612026736323e-05
7954196,7.219612026736323e-05
2875381,7.219612026736323e-05
8737236,7.219612026736323e-05
3441496,7.219612026736323e-05
4831727,7.219612026736323e-05
5745247,7.219612026736323e-05
9070443,7.219612026736323e-05
9566023,7.219612026736323e-05
1011430,7.219612026736323e-05
4944401,7.219612026736323e-05
3404358,7.219612026736323e-05
6925424,7.219612026736323e-05
5516994,7.219612026736323e-05
9725490,7.219612026736323e-05
8038603,0
